\BOOKMARK [1][-]{section.1}{阿基米德与酝酿效应}{}% 1
\BOOKMARK [1][-]{section.2}{阿伦森效应}{}% 2
\BOOKMARK [2][-]{subsection.2.1}{有效利用}{section.2}% 3
\BOOKMARK [2][-]{subsection.2.2}{反例}{section.2}% 4
\BOOKMARK [2][-]{subsection.2.3}{一个故事}{section.2}% 5
\BOOKMARK [1][-]{section.3}{安泰效应}{}% 6
\BOOKMARK [1][-]{section.4}{暗示效应}{}% 7
\BOOKMARK [1][-]{section.5}{安慰剂效应}{}% 8
\BOOKMARK [1][-]{section.6}{巴纳姆效应}{}% 9
\BOOKMARK [2][-]{subsection.6.1}{实验：}{section.6}% 10
\BOOKMARK [2][-]{subsection.6.2}{过程}{section.6}% 11
\BOOKMARK [2][-]{subsection.6.3}{个性报告}{section.6}% 12
\BOOKMARK [2][-]{subsection.6.4}{后期研究}{section.6}% 13
\BOOKMARK [2][-]{subsection.6.5}{运用：}{section.6}% 14
\BOOKMARK [1][-]{section.7}{巴霖效应}{}% 15
\BOOKMARK [1][-]{section.8}{半途效应}{}% 16
\BOOKMARK [1][-]{section.9}{贝尔纳效应}{}% 17
\BOOKMARK [2][-]{subsection.9.1}{效应启示}{section.9}% 18
\BOOKMARK [1][-]{section.10}{贝勃规律}{}% 19
\BOOKMARK [1][-]{section.11}{比马龙效应，期望效应，罗森塔尔效应}{}% 20
\BOOKMARK [2][-]{subsection.11.1}{案例：}{section.11}% 21
\BOOKMARK [1][-]{section.12}{彼得原理}{}% 22
\BOOKMARK [1][-]{section.13}{帕金森定律}{}% 23
\BOOKMARK [1][-]{section.14}{边际效应}{}% 24
\BOOKMARK [1][-]{section.15}{波纹效应}{}% 25
\BOOKMARK [1][-]{section.16}{布里丹毛驴效应}{}% 26
\BOOKMARK [2][-]{subsection.16.1}{采用稳健的决策方式。}{section.16}% 27
\BOOKMARK [2][-]{subsection.16.2}{要养成独立思考的习惯。}{section.16}% 28
\BOOKMARK [2][-]{subsection.16.3}{严格执行一种决策纪律。}{section.16}% 29
\BOOKMARK [2][-]{subsection.16.4}{不要总是试图获取最多利益。}{section.16}% 30
\BOOKMARK [2][-]{subsection.16.5}{在不利环境中不能逆势而动。}{section.16}% 31
\BOOKMARK [1][-]{section.17}{不值得定律}{}% 32
\BOOKMARK [2][-]{subsection.17.1}{价值观。}{section.17}% 33
\BOOKMARK [2][-]{subsection.17.2}{个性和气质。}{section.17}% 34
\BOOKMARK [2][-]{subsection.17.3}{现实的处境。}{section.17}% 35
\BOOKMARK [1][-]{section.18}{超限效应}{}% 36
\BOOKMARK [1][-]{section.19}{拆屋效应}{}% 37
\BOOKMARK [2][-]{subsection.19.1}{拆屋效应的原因}{section.19}% 38
\BOOKMARK [2][-]{subsection.19.2}{拆屋效应在谈判上的使用}{section.19}% 39
\BOOKMARK [1][-]{section.20}{成败效应}{}% 40
\BOOKMARK [1][-]{section.21}{重叠效应：}{}% 41
\BOOKMARK [1][-]{section.22}{刺猬法则}{}% 42
\BOOKMARK [1][-]{section.23}{从众效应，羊群效应}{}% 43
\BOOKMARK [1][-]{section.24}{淬火效应}{}% 44
\BOOKMARK [1][-]{section.25}{达维多定律}{}% 45
\BOOKMARK [1][-]{section.26}{搭便车效应}{}% 46
\BOOKMARK [1][-]{section.27}{答布效应}{}% 47
\BOOKMARK [1][-]{section.28}{德西效应}{}% 48
\BOOKMARK [1][-]{section.29}{得寸进尺效应}{}% 49
\BOOKMARK [1][-]{section.30}{等待效应}{}% 50
\BOOKMARK [1][-]{section.31}{第一印象效应}{}% 51
\BOOKMARK [1][-]{section.32}{定势效应}{}% 52
\BOOKMARK [1][-]{section.33}{多看效应}{}% 53
\BOOKMARK [1][-]{section.34}{多米诺骨牌效应}{}% 54
\BOOKMARK [1][-]{section.35}{凡勃伦效应}{}% 55
\BOOKMARK [1][-]{section.36}{非零和效应}{}% 56
\BOOKMARK [1][-]{section.37}{飞去来器效应}{}% 57
\BOOKMARK [1][-]{section.38}{改宗效应}{}% 58
\BOOKMARK [1][-]{section.39}{共生效应}{}% 59
\BOOKMARK [1][-]{section.40}{古烈治效应}{}% 60
\BOOKMARK [1][-]{section.41}{光环效应，晕轮效应}{}% 61
\BOOKMARK [1][-]{section.42}{过度理由效应}{}% 62
\BOOKMARK [1][-]{section.43}{海格立斯效应}{}% 63
\BOOKMARK [1][-]{section.44}{黑暗效应}{}% 64
\BOOKMARK [1][-]{section.45}{华盛顿合作规律}{}% 65
\BOOKMARK [1][-]{section.46}{蝴蝶效应}{}% 66
\BOOKMARK [1][-]{section.47}{环境效应}{}% 67
\BOOKMARK [1][-]{section.48}{霍布森选择效应}{}% 68
\BOOKMARK [1][-]{section.49}{霍桑效应}{}% 69
\BOOKMARK [1][-]{section.50}{棘轮效应}{}% 70
\BOOKMARK [1][-]{section.51}{缄默效应}{}% 71
\BOOKMARK [1][-]{section.52}{结伴效应}{}% 72
\BOOKMARK [1][-]{section.53}{进门坎效应}{}% 73
\BOOKMARK [1][-]{section.54}{禁果效应}{}% 74
\BOOKMARK [1][-]{section.55}{近因效应}{}% 75
\BOOKMARK [1][-]{section.56}{竞争优势效应}{}% 76
\BOOKMARK [1][-]{section.57}{酒与污水定律}{}% 77
\BOOKMARK [1][-]{section.58}{角色效应}{}% 78
\BOOKMARK [1][-]{section.59}{刻板效应，定型效应}{}% 79
\BOOKMARK [1][-]{section.60}{空白效应}{}% 80
\BOOKMARK [1][-]{section.61}{冷热水效应}{}% 81
\BOOKMARK [1][-]{section.62}{零和游戏原理}{}% 82
\BOOKMARK [1][-]{section.63}{留面子效应}{}% 83
\BOOKMARK [1][-]{section.64}{马太效应}{}% 84
\BOOKMARK [1][-]{section.65}{毛毛虫效应}{}% 85
\BOOKMARK [1][-]{section.66}{免疫效应}{}% 86
\BOOKMARK [1][-]{section.67}{名片效应}{}% 87
\BOOKMARK [1][-]{section.68}{名人效应}{}% 88
\BOOKMARK [1][-]{section.69}{墨菲定律}{}% 89
\BOOKMARK [2][-]{subsection.69.1}{任何事都没有表面看起来那么简单；}{section.69}% 90
\BOOKMARK [2][-]{subsection.69.2}{所有的事都会比你预计的时间长；}{section.69}% 91
\BOOKMARK [2][-]{subsection.69.3}{会出错的事总会出错；}{section.69}% 92
\BOOKMARK [2][-]{subsection.69.4}{如果你担心某种情况发生，那么它就更有可能发生。}{section.69}% 93
\BOOKMARK [1][-]{section.70}{摩西奶奶效应}{}% 94
\BOOKMARK [1][-]{section.71}{木桶法则}{}% 95
\BOOKMARK [1][-]{section.72}{南风效应}{}% 96
\BOOKMARK [1][-]{section.73}{鲶鱼效应}{}% 97
\BOOKMARK [1][-]{section.74}{鸟笼效应}{}% 98
\BOOKMARK [1][-]{section.75}{牛鞭效应，}{}% 99
\BOOKMARK [1][-]{section.76}{拍球效应}{}% 100
\BOOKMARK [1][-]{section.77}{旁观者效应}{}% 101
\BOOKMARK [1][-]{section.78}{配套效应，狄德罗效应}{}% 102
\BOOKMARK [1][-]{section.79}{破窗效应}{}% 103
\BOOKMARK [1][-]{section.80}{瀑布心理效应}{}% 104
\BOOKMARK [1][-]{section.81}{齐加尼克效应}{}% 105
\BOOKMARK [1][-]{section.82}{青蛙效应}{}% 106
\BOOKMARK [1][-]{section.83}{情绪效应}{}% 107
\BOOKMARK [1][-]{section.84}{权威效应}{}% 108
\BOOKMARK [1][-]{section.85}{热炉法则}{}% 109
\BOOKMARK [1][-]{section.86}{锐化效应}{}% 110
\BOOKMARK [2][-]{subsection.86.1}{建立基础}{section.86}% 111
\BOOKMARK [2][-]{subsection.86.2}{远大的远景}{section.86}% 112
\BOOKMARK [2][-]{subsection.86.3}{强有力的价值观}{section.86}% 113
\BOOKMARK [2][-]{subsection.86.4}{沟通}{section.86}% 114
\BOOKMARK [2][-]{subsection.86.5}{生根发芽}{section.86}% 115
\BOOKMARK [2][-]{subsection.86.6}{品牌效应}{section.86}% 116
\BOOKMARK [2][-]{subsection.86.7}{考评}{section.86}% 117
\BOOKMARK [2][-]{subsection.86.8}{社会惰化效应}{section.86}% 118
\BOOKMARK [1][-]{section.87}{狮羊效应}{}% 119
\BOOKMARK [1][-]{section.88}{视网膜效应}{}% 120
\BOOKMARK [1][-]{section.89}{手表效应}{}% 121
\BOOKMARK [1][-]{section.90}{睡眠效应}{}% 122
\BOOKMARK [1][-]{section.91}{顺序效应}{}% 123
\BOOKMARK [1][-]{section.92}{Stroop效应}{}% 124
\BOOKMARK [1][-]{section.93}{投射效应}{}% 125
\BOOKMARK [1][-]{section.94}{武器效应}{}% 126
\BOOKMARK [1][-]{section.95}{心理摆效应}{}% 127
\BOOKMARK [1][-]{section.96}{植物心理学和巴克斯特效应BACKSTER：}{}% 128
\BOOKMARK [1][-]{section.97}{自己人效应}{}% 129
\BOOKMARK [1][-]{section.98}{紫格尼克效应}{}% 130
