\BOOKMARK [1][-]{section.1}{\376\377\135\345\117\134\122\006\147\220\116\016\135\345\117\134\213\276\213\241\000\050\0007\000\051}{}% 1
\BOOKMARK [2][-]{subsection.1.1}{\376\377\135\345\117\134\122\006\147\220\166\204\151\202\137\365\116\016\117\134\165\050}{section.1}% 2
\BOOKMARK [3][-]{subsubsection.1.1.1}{\376\377\135\345\117\134\122\006\147\220\166\204\151\202\137\365}{subsection.1.1}% 3
\BOOKMARK [3][-]{subsubsection.1.1.2}{\376\377\116\272\122\233\215\104\156\220\211\304\122\022\116\016\135\345\117\134\122\006\147\220}{subsection.1.1}% 4
\BOOKMARK [3][-]{subsubsection.1.1.3}{\376\377\151\202\137\365}{subsection.1.1}% 5
\BOOKMARK [3][-]{subsubsection.1.1.4}{\376\377\151\202\137\365\211\201\160\271}{subsection.1.1}% 6
\BOOKMARK [3][-]{subsubsection.1.1.5}{\376\377\127\372\147\054\147\057\213\355\000\050\165\050\215\263\164\003\226\037\147\145\164\006\211\343\000\051}{subsection.1.1}% 7
\BOOKMARK [3][-]{subsubsection.1.1.6}{\376\377\135\345\117\134\122\006\147\220\166\204\117\134\165\050}{subsection.1.1}% 8
\BOOKMARK [3][-]{subsubsection.1.1.7}{\376\377\121\153\131\047\117\134\165\050}{subsection.1.1}% 9
\BOOKMARK [2][-]{subsection.1.2}{\376\377\135\345\117\134\122\006\147\220\166\204\121\205\133\271\124\214\153\145\232\244}{section.1}% 10
\BOOKMARK [3][-]{subsubsection.1.2.1}{\376\377\135\345\117\134\122\006\147\220\166\204\121\205\133\271}{subsection.1.2}% 11
\BOOKMARK [3][-]{subsubsection.1.2.2}{\376\377\135\345\117\134\122\006\147\220\166\204\153\145\232\244}{subsection.1.2}% 12
\BOOKMARK [3][-]{subsubsection.1.2.3}{\376\377\135\345\117\134\213\364\146\016\177\026\121\231\123\237\122\031}{subsection.1.2}% 13
\BOOKMARK [2][-]{subsection.1.3}{\376\377\135\345\117\134\122\006\147\220\166\204\145\271\154\325}{section.1}% 14
\BOOKMARK [3][-]{subsubsection.1.3.1}{\376\377\122\006\147\220\145\271\154\325}{subsection.1.3}% 15
\BOOKMARK [2][-]{subsection.1.4}{\376\377\135\345\117\134\213\276\213\241}{section.1}% 16
\BOOKMARK [3][-]{subsubsection.1.4.1}{\376\377\166\356\166\204\000:}{subsection.1.4}% 17
\BOOKMARK [3][-]{subsubsection.1.4.2}{\376\377\227\000\211\201\217\333\210\114\135\345\117\134\213\276\213\241\166\204\140\305\121\265}{subsection.1.4}% 18
\BOOKMARK [3][-]{subsubsection.1.4.3}{\376\377\135\345\117\134\213\276\213\241\166\204\137\142\137\017}{subsection.1.4}% 19
\BOOKMARK [1][-]{section.2}{\376\377\124\130\135\345\142\333\200\130\116\016\155\113\213\304\000\050\0009\000\051}{}% 20
\BOOKMARK [2][-]{subsection.2.1}{\376\377\124\130\135\345\142\333\200\130\151\202\217\360}{section.2}% 21
\BOOKMARK [3][-]{subsubsection.2.1.1}{\376\377\121\205\155\265\124\214\117\134\165\050}{subsection.2.1}% 22
\BOOKMARK [3][-]{subsubsection.2.1.2}{\376\377\137\161\124\315\126\340\175\040\124\214\155\101\172\013}{subsection.2.1}% 23
\BOOKMARK [2][-]{subsection.2.2}{\376\377\142\333\200\130\173\126\165\145}{section.2}% 24
\BOOKMARK [3][-]{subsubsection.2.2.1}{\376\377\151\202\137\365}{subsection.2.2}% 25
\BOOKMARK [3][-]{subsubsection.2.2.2}{\376\377\123\005\142\354\166\204\121\205\133\271}{subsection.2.2}% 26
\BOOKMARK [3][-]{subsubsection.2.2.3}{\376\377\145\366\225\364\127\060\160\271\124\214\117\341\140\157\123\321\136\003}{subsection.2.2}% 27
\BOOKMARK [3][-]{subsubsection.2.2.4}{\376\377\133\243\117\040\124\214\156\040\220\123\173\126\165\145}{subsection.2.2}% 28
\BOOKMARK [2][-]{subsection.2.3}{\376\377\116\272\124\130\142\333\122\337}{section.2}% 29
\BOOKMARK [3][-]{subsubsection.2.3.1}{\376\377\127\372\147\054\155\101\172\013}{subsection.2.3}% 30
\BOOKMARK [3][-]{subsubsection.2.3.2}{\376\377\156\040\220\123\124\214\145\271\154\325}{subsection.2.3}% 31
\BOOKMARK [2][-]{subsection.2.4}{\376\377\116\272\124\130\175\040\215\050\155\113\213\304}{section.2}% 32
\BOOKMARK [3][-]{subsubsection.2.4.1}{\376\377\117\134\165\050\124\214\155\101\172\013}{subsection.2.4}% 33
\BOOKMARK [3][-]{subsubsection.2.4.2}{\376\377\136\070\165\050\145\271\154\325}{subsection.2.4}% 34
\BOOKMARK [1][-]{section.3}{\376\377\122\263\122\250\121\163\174\373\173\241\164\006\000\050\0001\0009\000\051}{}% 35
\BOOKMARK [2][-]{subsection.3.1}{\376\377\122\263\122\250\121\163\174\373\173\241\164\006}{section.3}% 36
\BOOKMARK [3][-]{subsubsection.3.1.1}{\376\377\122\263\122\250\121\163\174\373\173\241\164\006\166\204\124\053\116\111}{subsection.3.1}% 37
\BOOKMARK [3][-]{subsubsection.3.1.2}{\376\377\122\263\122\250\121\163\174\373\166\204\140\047\215\050}{subsection.3.1}% 38
\BOOKMARK [3][-]{subsubsection.3.1.3}{\376\377\122\263\122\250\121\163\174\373\166\204\121\205\133\271}{subsection.3.1}% 39
\BOOKMARK [3][-]{subsubsection.3.1.4}{\376\377\136\372\172\313\122\263\122\250\121\163\174\373\166\204\123\237\122\031}{subsection.3.1}% 40
\BOOKMARK [3][-]{subsubsection.3.1.5}{\376\377\145\071\125\204\122\263\122\250\121\163\174\373\166\204\141\017\116\111}{subsection.3.1}% 41
\BOOKMARK [3][-]{subsubsection.3.1.6}{\376\377\145\071\125\204\122\263\122\250\121\163\174\373\166\204\220\024\137\204}{subsection.3.1}% 42
\BOOKMARK [2][-]{subsection.3.2}{\376\377\122\263\122\250\124\010\124\014\173\241\164\006}{section.3}% 43
\BOOKMARK [3][-]{subsubsection.3.2.1}{\376\377\122\263\122\250\124\010\124\014\166\204\124\053\116\111}{subsection.3.2}% 44
\BOOKMARK [3][-]{subsubsection.3.2.2}{\376\377\122\263\122\250\124\010\124\014\166\204\121\205\133\271}{subsection.3.2}% 45
\BOOKMARK [3][-]{subsubsection.3.2.3}{\376\377\122\263\122\250\124\010\124\014\166\204\173\176\213\242}{subsection.3.2}% 46
\BOOKMARK [3][-]{subsubsection.3.2.4}{\376\377\123\237\122\031}{subsection.3.2}% 47
\BOOKMARK [3][-]{subsubsection.3.2.5}{\376\377\122\263\122\250\124\010\124\014\166\204\147\037\226\120}{subsection.3.2}% 48
\BOOKMARK [3][-]{subsubsection.3.2.6}{\376\377\122\263\122\250\124\010\124\014\166\204\134\145\210\114}{subsection.3.2}% 49
\BOOKMARK [3][-]{subsubsection.3.2.7}{\376\377\122\263\122\250\124\010\124\014\166\204\123\330\146\364}{subsection.3.2}% 50
\BOOKMARK [2][-]{subsection.3.3}{\376\377\122\263\122\250\116\211\213\256\173\241\164\006}{section.3}% 51
\BOOKMARK [3][-]{subsubsection.3.3.1}{\376\377\122\263\122\250\116\211\213\256}{subsection.3.3}% 52
\BOOKMARK [3][-]{subsubsection.3.3.2}{\376\377\122\263\122\250\116\211\213\256\166\204\133\242\211\302\140\047}{subsection.3.3}% 53
\BOOKMARK [3][-]{subsubsection.3.3.3}{\376\377\122\263\122\250\116\211\213\256\133\130\127\050\166\204\123\237\126\340}{subsection.3.3}% 54
\BOOKMARK [3][-]{subsubsection.3.3.4}{\376\377\122\263\122\250\176\240\176\267\166\204\131\004\164\006\145\271\137\017}{subsection.3.3}% 55
\BOOKMARK [3][-]{subsubsection.3.3.5}{\376\377\122\263\122\250\116\211\213\256\173\241\164\006\166\204\221\315\211\201\154\325\137\213}{subsection.3.3}% 56
\BOOKMARK [2][-]{subsection.3.4}{\376\377\122\263\122\250\117\335\142\244}{section.3}% 57
\BOOKMARK [3][-]{subsubsection.3.4.1}{\376\377\122\263\122\250\117\335\142\244\166\204\151\202\137\365}{subsection.3.4}% 58
\BOOKMARK [3][-]{subsubsection.3.4.2}{\376\377\122\263\122\250\117\335\142\244\166\204\127\372\147\054\116\373\122\241}{subsection.3.4}% 59
\BOOKMARK [3][-]{subsubsection.3.4.3}{\376\377\122\263\122\250\145\366\225\364\166\204\211\304\133\232}{subsection.3.4}% 60
\BOOKMARK [3][-]{subsubsection.3.4.4}{\376\377\121\166\116\326\116\016\145\366\225\364\147\011\121\163\166\204\145\366\225\364}{subsection.3.4}% 61
\BOOKMARK [3][-]{subsubsection.3.4.5}{\376\377\121\166\116\326\122\263\122\250\117\335\142\244\116\213\230\171}{subsection.3.4}% 62
\BOOKMARK [3][-]{subsubsection.3.4.6}{\376\377\154\350\141\017\166\204\116\000\230\171\117\335\142\244\000:\200\114\116\032\165\305}{subsection.3.4}% 63
