\BOOKMARK [1][-]{section.1}{\376\377\140\073\122\031}{}% 1
\BOOKMARK [2][-]{subsection.1.1}{\376\377\116\072\116\206\122\240\137\072\121\154\123\370\166\204\215\042\122\241\135\345\117\134\377\014\133\214\125\204\121\154\123\370\166\204\215\042\122\241\173\241\164\006\377\014\137\072\123\026\121\205\220\350\143\247\122\066\377\014\211\304\203\003\215\042\122\241\173\241\164\006\155\101\172\013\377\014\150\071\143\156\126\375\133\266\163\260\210\114\166\204\147\011\121\163\215\042\176\317\154\325\211\304\060\001\215\042\122\241\122\066\136\246\060\001\145\077\173\126\176\323\124\010\147\054\121\154\123\370\166\204\133\236\226\105\140\305\121\265\377\014\122\066\133\232\147\054\122\066\136\246\060\002}{section.1}% 2
\BOOKMARK [2][-]{subsection.1.2}{\376\377\215\042\122\241\173\241\164\006\166\204\166\356\150\007\146\057\217\375\154\102\117\001\116\032\116\367\120\074\147\000\131\047\123\026\060\002}{section.1}% 3
\BOOKMARK [2][-]{subsection.1.3}{\376\377\215\042\122\241\173\241\164\006\166\204\200\114\200\375\146\057\133\371\117\001\116\032\176\317\155\116\155\073\122\250\217\333\210\114\213\260\137\125\060\001\123\315\146\040\060\001\230\204\173\227\060\001\143\247\122\066\060\001\121\263\173\126\060\002}{section.1}% 4
\BOOKMARK [2][-]{subsection.1.4}{\376\377\215\042\122\241\173\241\164\006\166\204\121\205\133\271\123\005\142\354\377\032}{section.1}% 5
\BOOKMARK [3][-]{subsubsection.1.4.1}{\376\377\215\104\221\321\173\241\164\006\377\014\176\337\116\000\166\321\143\247\060\001\214\003\122\102\123\125\117\115\121\205\220\350\215\047\136\001\215\104\221\321\155\101\122\250\377\014\143\320\232\330\215\104\221\321\117\177\165\050\163\207\377\014\143\214\143\341\215\104\221\321\122\250\140\001\377\014\116\072\173\241\164\006\121\263\173\126\143\320\117\233\123\302\214\013\060\002}{subsection.1.4}% 6
\BOOKMARK [3][-]{subsubsection.1.4.2}{\376\377\145\066\145\057\173\241\164\006\377\014\143\011\161\147\215\042\122\241\173\241\164\006\122\066\136\246\211\304\133\232\166\204\155\101\172\013\060\001\150\007\121\306\124\214\203\003\126\364\173\111\377\014\133\371\155\211\123\312\215\042\122\241\145\066\145\057\166\204\176\317\155\116\116\032\122\241\133\236\145\275\211\304\203\003\173\241\164\006\060\002\122\240\137\072\121\205\220\350\143\247\122\066\377\014\143\250\122\250\230\204\173\227\173\241\164\006\060\002}{subsection.1.4}% 7
\BOOKMARK [3][-]{subsubsection.1.4.3}{\376\377\215\042\116\247\173\241\164\006\377\014\133\371\117\001\116\032\136\223\133\130\163\260\221\321\060\001\133\130\215\047\060\001\126\372\133\232\215\104\116\247\173\111\166\204\117\335\133\130\060\001\173\241\164\006\060\001\117\177\165\050\060\001\131\004\177\156\217\333\210\114\211\304\203\003\377\014\146\016\170\156\124\004\163\257\202\202\215\043\116\373\377\014\117\335\213\301\117\001\116\032\215\042\116\247\133\211\121\150\133\214\145\164\377\014\136\166\123\321\143\045\136\224\147\011\145\110\165\050\060\002}{subsection.1.4}% 8
\BOOKMARK [3][-]{subsubsection.1.4.4}{\376\377\142\020\147\054\116\016\215\071\165\050\173\241\164\006\377\014\224\210\133\371\117\001\116\032\176\317\204\045\162\171\160\271\377\014\116\345\121\110\217\333\173\241\164\006\140\035\140\363\116\072\143\007\133\374\377\014\211\304\203\003\143\247\122\066\142\020\147\054\215\071\165\050\137\000\145\057\377\014\116\072\133\214\125\204\121\205\220\350\173\241\164\006\143\320\117\233\117\235\143\156\060\002}{subsection.1.4}% 9
\BOOKMARK [2][-]{subsection.1.5}{\376\377\215\042\122\241\220\350\225\350\147\204\147\266\116\016\200\114\215\043}{section.1}% 10
\BOOKMARK [2][-]{subsection.1.6}{\376\377\215\042\122\241\140\073\166\321\166\204\134\227\117\115\200\114\215\043}{section.1}% 11
\BOOKMARK [1][-]{section.2}{\376\377\133\241\142\171\147\103\226\120}{}% 12
\BOOKMARK [2][-]{subsection.2.1}{\376\377\121\154\123\370\166\204\124\004\230\171\215\071\165\050\145\057\121\372\060\001\221\307\215\055\171\315\174\173\162\151\124\301\166\204\153\076\230\171\377\014\165\061\176\317\122\236\116\272\220\350\225\350\176\317\164\006\377\010\116\073\173\241\377\011\133\241\142\171\060\001\215\042\122\241\220\350\220\350\225\177\150\070\133\371\060\001\215\042\122\241\140\073\166\321\133\241\142\171\124\016\377\014\121\215\165\061\140\073\176\317\164\006\142\171\121\306\124\016\145\271\123\357\142\245\225\000\060\002}{section.2}% 13
\BOOKMARK [2][-]{subsection.2.2}{\376\377\142\100\147\011\116\330\153\076\165\063\213\367\210\150\217\336\124\014\167\037\133\236\133\214\145\164\124\010\154\325\166\204\123\237\131\313\123\125\143\156\377\014\116\012\116\244\215\042\122\241\220\350\124\016\377\010\226\144\117\233\136\224\125\106\215\067\153\076\131\026\377\011\377\014\142\245\225\000\133\241\142\171\145\057\116\330\145\366\226\120\116\072\116\224\116\052\135\345\117\134\145\345\060\002}{section.2}% 14
\BOOKMARK [2][-]{subsection.2.3}{\376\377\126\372\133\232\215\104\116\247\060\001\145\340\137\142\215\104\116\247\215\055\177\156\166\204\133\241\142\171\147\103\226\120\377\032}{section.2}% 15
\BOOKMARK [3][-]{subsubsection.2.3.1}{\376\377\126\372\133\232\215\104\116\247\122\006\174\173}{subsection.2.3}% 16
\BOOKMARK [3][-]{subsubsection.2.3.2}{\376\377\145\340\137\142\215\104\116\247\377\032\123\005\142\354\165\065\201\021\217\157\116\366\060\001\116\023\122\051\147\103\060\001\227\136\116\023\122\051\142\200\147\057\060\001\127\037\127\060\117\177\165\050\147\103\060\001\162\171\213\270\147\103\060\001\125\106\212\211\173\111\060\002}{subsection.2.3}% 17
\BOOKMARK [3][-]{subsubsection.2.3.3}{\376\377\133\241\142\171\147\103\226\120\377\032\176\317\220\350\225\350\215\037\215\043\116\272\133\241\150\070\124\016\377\014\215\042\122\241\140\073\166\321\133\241\142\171\124\016\377\014\121\215\165\061\140\073\176\317\164\006\142\171\121\306\060\002}{subsection.2.3}% 18
\BOOKMARK [2][-]{subsection.2.4}{\376\377\215\071\165\050\142\245\225\000\133\241\142\171\172\013\136\217\377\032\142\245\225\000\116\272\124\130\130\153\121\231\142\245\225\000\123\125\000\040\000\040\220\350\225\350\215\037\215\043\116\272\133\241\150\070\167\037\133\236\060\001\133\214\145\164\060\001\145\340\213\357\000\040\000\040\215\042\122\241\215\037\215\043\116\272\133\241\150\070\123\125\143\156\060\001\221\321\230\235\145\340\213\357\000\040\000\040\215\042\122\241\140\073\166\321\060\001\140\073\176\317\164\006\142\171\121\306\000\040\000\040\121\372\176\263\116\330\153\076\060\002\140\073\176\317\164\006\142\245\225\000\166\204\215\071\165\050\227\000\211\201\142\245\140\073\210\301\377\010\142\026\140\073\210\301\143\210\147\103\116\272\377\011\142\171\121\306\060\002}{section.2}% 19
\BOOKMARK [2][-]{subsection.2.5}{\376\377\154\241\147\011\143\011\133\214\145\164\166\204\133\241\142\171\172\013\136\217\142\147\210\114\377\014\121\372\176\263\136\224\142\322\176\335\116\330\153\076\060\002\131\202\147\234\133\241\150\070\377\010\142\171\377\011\116\272\124\130\116\015\127\050\121\154\123\370\377\014\220\032\217\307\220\256\116\366\142\026\137\256\117\341\133\241\142\171\166\204\377\014\136\224\142\123\123\160\220\256\116\366\142\026\142\052\126\376\226\104\124\016\377\033\123\343\131\064\142\026\165\065\213\335\170\156\213\244\166\204\377\014\116\213\124\016\136\224\123\312\145\366\210\145\173\176\060\002}{section.2}% 20
\BOOKMARK [2][-]{subsection.2.6}{\376\377\215\042\122\241\220\350\225\350\215\037\215\043\116\272\123\125\143\156\133\241\150\070\123\005\142\354\377\032}{section.2}% 21
\BOOKMARK [3][-]{subsubsection.2.6.1}{\376\377\142\245\225\000\123\125\130\153\121\231\146\057\124\046\211\304\203\003\377\014\121\205\133\271\146\057\124\046\130\153\121\231\133\214\145\164\060\001\134\017\121\231\142\245\225\000\221\321\230\235\122\115\146\057\124\046\147\011\121\231\377\345\060\001\131\047\121\231\221\321\230\235\122\115\146\057\124\046\147\011\134\001\000\040}{subsection.2.6}% 22
\BOOKMARK [1][-]{section.3}{\376\377\145\066\145\057\173\241\164\006}{}% 23
\BOOKMARK [1][-]{section.4}{\376\377\215\042\116\247\173\241\164\006}{}% 24
\BOOKMARK [1][-]{section.5}{\376\377\225\000\125\056\116\016\145\066\153\076\116\032\122\241\173\241\164\006}{}% 25
\BOOKMARK [1][-]{section.6}{\376\377\215\055\215\047\116\016\116\330\153\076\116\032\122\241\173\241\164\006}{}% 26
\BOOKMARK [1][-]{section.7}{\376\377\142\020\147\054\116\016\215\071\165\050\173\241\164\006}{}% 27
\BOOKMARK [1][-]{section.8}{\376\377\123\237\131\313\121\355\213\301\116\016\215\042\122\241\150\143\150\110\173\241\164\006}{}% 28
\BOOKMARK [1][-]{section.9}{\376\377\215\042\122\241\215\043\116\373\217\375\172\166\122\066\136\246}{}% 29
\BOOKMARK [1][-]{section.10}{\376\377\226\104\122\031}{}% 30
